{"name": "BankApp url testing 01", "status": "failed", "statusDetails": {"message": "AssertionError: assert False", "trace": "self = <testCases.test_UserProfile.Test_UserProfile object at 0x00000239FE35A720>\nsetup = <selenium.webdriver.chrome.webdriver.WebDriver (session=\"15f8dcb44c185dad2e535b11eafd2daa\")>\n\n    @pytest.mark.sanity\n    @pytest.mark.group1\n    @pytest.mark.flaky(reruns=3, reruns_delay=1)\n    @allure.title(\"BankApp url testing 01\")\n    def test_BankApp_Url_001(self, setup):\n        \"\"\"self.Log.debug(\"This is debug\")\n        self.Log.info(\"This is info\")\n        self.Log.warning(\"This is warning\")\n        self.Log.error(\"This is error\")\n        self.Log.critical(\"This is critical\")\"\"\"\n    \n        self.Log.info(\"Testcase test_BankApp_Url_001 is started\")\n        self.driver = setup\n        self.Log.info(\"Opening browser\")\n        self.Log.info(\"Checking page title\")\n        if self.driver.title == \"Bank Application1\":\n            self.Log.info(\"Testcase test_BankApp_Url_001 is passed\")\n            self.Log.info(\"Taking screenshot\")\n            allure.attach(self.driver.get_screenshot_as_png(), name=\"test_BankApp_Url_001_pass\", attachment_type=AttachmentType.PNG)\n            self.driver.save_screenshot(\".\\\\Screeshots\\\\test_BankApp_Url_001_pass.png\")\n            self.Log.info(\"Testcase test_BankApp_Url_001 is completed\\n\")\n            assert True\n        else:\n            self.Log.info(\"Testcase test_BankApp_Url_001 is fail\")\n            self.Log.info(\"Taking screenshot\")\n            self.driver.save_screenshot(\".\\\\Screeshots\\\\test_BankApp_Url_001_fail.png\")\n            self.Log.info(\"Testcase test_BankApp_Url_001 is completed\\n\")\n>           assert False\nE           assert False\n\ntestCases\\test_UserProfile.py:46: AssertionError"}, "description": "self.Log.debug(\"This is debug\")\n        self.Log.info(\"This is info\")\n        self.Log.warning(\"This is warning\")\n        self.Log.error(\"This is error\")\n        self.Log.critical(\"This is critical\")", "attachments": [{"name": "log", "source": "3bf3ba80-7b9a-43a3-8887-8e13714a0612-attachment.txt", "type": "text/plain"}], "start": 1733804513641, "stop": 1733804513851, "uuid": "e655f2a5-e8c6-49af-a20e-c9fc88b9cd4b", "historyId": "7934b4b1be9177812f6fb91c6342d1f8", "testCaseId": "7934b4b1be9177812f6fb91c6342d1f8", "fullName": "testCases.test_UserProfile.Test_UserProfile#test_BankApp_Url_001", "labels": [{"name": "tag", "value": "flaky(reruns=3, reruns_delay=1)"}, {"name": "tag", "value": "group1"}, {"name": "tag", "value": "sanity"}, {"name": "parentSuite", "value": "testCases"}, {"name": "suite", "value": "test_UserProfile"}, {"name": "subSuite", "value": "Test_UserProfile"}, {"name": "host", "value": "Credence-Pc"}, {"name": "thread", "value": "38176-MainThread"}, {"name": "framework", "value": "pytest"}, {"name": "language", "value": "cpython3"}, {"name": "package", "value": "testCases.test_UserProfile"}]}