{"name": "test_Login_003", "status": "broken", "statusDetails": {"message": "selenium.common.exceptions.NoSuchElementException: Message: no such element: Unable to locate element: {\"method\":\"xpath\",\"selector\":\"//a[normalize-space()='Login']\"}\n  (Session info: chrome=131.0.6778.109); For documentation on this error, please visit: https://www.selenium.dev/documentation/webdriver/troubleshooting/errors#no-such-element-exception\nStacktrace:\n\tGetHandleVerifier [0x00007FF629836CF5+28821]\n\t(No symbol) [0x00007FF6297A3880]\n\t(No symbol) [0x00007FF62964578A]\n\t(No symbol) [0x00007FF6296991BE]\n\t(No symbol) [0x00007FF6296994AC]\n\t(No symbol) [0x00007FF6296E2647]\n\t(No symbol) [0x00007FF6296BF33F]\n\t(No symbol) [0x00007FF6296DF412]\n\t(No symbol) [0x00007FF6296BF0A3]\n\t(No symbol) [0x00007FF62968A778]\n\t(No symbol) [0x00007FF62968B8E1]\n\tGetHandleVerifier [0x00007FF629B6FCED+3408013]\n\tGetHandleVerifier [0x00007FF629B8745F+3504127]\n\tGetHandleVerifier [0x00007FF629B7B63D+3455453]\n\tGetHandleVerifier [0x00007FF6298FBDFB+835995]\n\t(No symbol) [0x00007FF6297AEB9F]\n\t(No symbol) [0x00007FF6297AA854]\n\t(No symbol) [0x00007FF6297AA9ED]\n\t(No symbol) [0x00007FF62979A1D9]\n\tBaseThreadInitThunk [0x00007FFE76E27374+20]\n\tRtlUserThreadStart [0x00007FFE7723CC91+33]", "trace": "self = <testCases.test_UserProfile.Test_UserProfile object at 0x0000018FC222F380>\n\n    @pytest.mark.sanity\n    @pytest.mark.group2\n    def test_Login_003(self):\n        self.Log.info(\"Testcase test_Login_003 is started\")\n        self.Log.info(\"Opening browser\")\n        self.driver.get(\"https://apps.credence.in/login.html\")\n        self.lp = Login_Class(self.driver)\n        self.Log.info(\"Click on Login link\")\n>       self.lp.Click_Login_Link()\n\ntestCases\\test_UserProfile.py:90: \n_ _ _ _ _ _ _ _ _ _ _ _ _ _ _ _ _ _ _ _ _ _ _ _ _ _ _ _ _ _ _ _ _ _ _ _ _ _ _ _\npageObjects\\Login_Page.py:14: in Click_Login_Link\n    self.driver.find_element(By.XPATH, self.click_login_link_xpath).click()\n.venv\\Lib\\site-packages\\selenium\\webdriver\\remote\\webdriver.py:770: in find_element\n    return self.execute(Command.FIND_ELEMENT, {\"using\": by, \"value\": value})[\"value\"]\n.venv\\Lib\\site-packages\\selenium\\webdriver\\remote\\webdriver.py:384: in execute\n    self.error_handler.check_response(response)\n_ _ _ _ _ _ _ _ _ _ _ _ _ _ _ _ _ _ _ _ _ _ _ _ _ _ _ _ _ _ _ _ _ _ _ _ _ _ _ _\n\nself = <selenium.webdriver.remote.errorhandler.ErrorHandler object at 0x0000018FC09A47D0>\nresponse = {'status': 404, 'value': '{\"value\":{\"error\":\"no such element\",\"message\":\"no such element: Unable to locate element: {\\...07FF62979A1D9]\\\\n\\\\tBaseThreadInitThunk [0x00007FFE76E27374+20]\\\\n\\\\tRtlUserThreadStart [0x00007FFE7723CC91+33]\\\\n\"}}'}\n\n    def check_response(self, response: Dict[str, Any]) -> None:\n        \"\"\"Checks that a JSON response from the WebDriver does not have an\n        error.\n    \n        :Args:\n         - response - The JSON response from the WebDriver server as a dictionary\n           object.\n    \n        :Raises: If the response contains an error message.\n        \"\"\"\n        status = response.get(\"status\", None)\n        if not status or status == ErrorCode.SUCCESS:\n            return\n        value = None\n        message = response.get(\"message\", \"\")\n        screen: str = response.get(\"screen\", \"\")\n        stacktrace = None\n        if isinstance(status, int):\n            value_json = response.get(\"value\", None)\n            if value_json and isinstance(value_json, str):\n                import json\n    \n                try:\n                    value = json.loads(value_json)\n                    if len(value) == 1:\n                        value = value[\"value\"]\n                    status = value.get(\"error\", None)\n                    if not status:\n                        status = value.get(\"status\", ErrorCode.UNKNOWN_ERROR)\n                        message = value.get(\"value\") or value.get(\"message\")\n                        if not isinstance(message, str):\n                            value = message\n                            message = message.get(\"message\")\n                    else:\n                        message = value.get(\"message\", None)\n                except ValueError:\n                    pass\n    \n        exception_class: Type[WebDriverException]\n        e = ErrorCode()\n        error_codes = [item for item in dir(e) if not item.startswith(\"__\")]\n        for error_code in error_codes:\n            error_info = getattr(ErrorCode, error_code)\n            if isinstance(error_info, list) and status in error_info:\n                exception_class = getattr(ExceptionMapping, error_code, WebDriverException)\n                break\n        else:\n            exception_class = WebDriverException\n    \n        if not value:\n            value = response[\"value\"]\n        if isinstance(value, str):\n            raise exception_class(value)\n        if message == \"\" and \"message\" in value:\n            message = value[\"message\"]\n    \n        screen = None  # type: ignore[assignment]\n        if \"screen\" in value:\n            screen = value[\"screen\"]\n    \n        stacktrace = None\n        st_value = value.get(\"stackTrace\") or value.get(\"stacktrace\")\n        if st_value:\n            if isinstance(st_value, str):\n                stacktrace = st_value.split(\"\\n\")\n            else:\n                stacktrace = []\n                try:\n                    for frame in st_value:\n                        line = frame.get(\"lineNumber\", \"\")\n                        file = frame.get(\"fileName\", \"<anonymous>\")\n                        if line:\n                            file = f\"{file}:{line}\"\n                        meth = frame.get(\"methodName\", \"<anonymous>\")\n                        if \"className\" in frame:\n                            meth = f\"{frame['className']}.{meth}\"\n                        msg = \"    at %s (%s)\"\n                        msg = msg % (meth, file)\n                        stacktrace.append(msg)\n                except TypeError:\n                    pass\n        if exception_class == UnexpectedAlertPresentException:\n            alert_text = None\n            if \"data\" in value:\n                alert_text = value[\"data\"].get(\"text\")\n            elif \"alert\" in value:\n                alert_text = value[\"alert\"].get(\"text\")\n            raise exception_class(message, screen, stacktrace, alert_text)  # type: ignore[call-arg]  # mypy is not smart enough here\n>       raise exception_class(message, screen, stacktrace)\nE       selenium.common.exceptions.NoSuchElementException: Message: no such element: Unable to locate element: {\"method\":\"xpath\",\"selector\":\"//a[normalize-space()='Login']\"}\nE         (Session info: chrome=131.0.6778.109); For documentation on this error, please visit: https://www.selenium.dev/documentation/webdriver/troubleshooting/errors#no-such-element-exception\nE       Stacktrace:\nE       \tGetHandleVerifier [0x00007FF629836CF5+28821]\nE       \t(No symbol) [0x00007FF6297A3880]\nE       \t(No symbol) [0x00007FF62964578A]\nE       \t(No symbol) [0x00007FF6296991BE]\nE       \t(No symbol) [0x00007FF6296994AC]\nE       \t(No symbol) [0x00007FF6296E2647]\nE       \t(No symbol) [0x00007FF6296BF33F]\nE       \t(No symbol) [0x00007FF6296DF412]\nE       \t(No symbol) [0x00007FF6296BF0A3]\nE       \t(No symbol) [0x00007FF62968A778]\nE       \t(No symbol) [0x00007FF62968B8E1]\nE       \tGetHandleVerifier [0x00007FF629B6FCED+3408013]\nE       \tGetHandleVerifier [0x00007FF629B8745F+3504127]\nE       \tGetHandleVerifier [0x00007FF629B7B63D+3455453]\nE       \tGetHandleVerifier [0x00007FF6298FBDFB+835995]\nE       \t(No symbol) [0x00007FF6297AEB9F]\nE       \t(No symbol) [0x00007FF6297AA854]\nE       \t(No symbol) [0x00007FF6297AA9ED]\nE       \t(No symbol) [0x00007FF62979A1D9]\nE       \tBaseThreadInitThunk [0x00007FFE76E27374+20]\nE       \tRtlUserThreadStart [0x00007FFE7723CC91+33]\n\n.venv\\Lib\\site-packages\\selenium\\webdriver\\remote\\errorhandler.py:232: NoSuchElementException"}, "attachments": [{"name": "log", "source": "0f60a229-023a-4586-be94-24d428fce6df-attachment.txt", "type": "text/plain"}, {"name": "stdout", "source": "b6c7d78a-8433-44be-9545-7722a93d4080-attachment.txt", "type": "text/plain"}], "start": 1733805379926, "stop": 1733805382758, "uuid": "af0bd56c-b8a6-4273-8ba8-c1337c164dde", "historyId": "0040766f7a5eaaa863fe91660a18ee09", "testCaseId": "0040766f7a5eaaa863fe91660a18ee09", "fullName": "test_UserProfile.Test_UserProfile#test_Login_003", "labels": [{"name": "tag", "value": "group2"}, {"name": "tag", "value": "sanity"}, {"name": "tag", "value": "@pytest.mark.usefixtures('driver_setup')"}, {"name": "suite", "value": "test_UserProfile"}, {"name": "subSuite", "value": "Test_UserProfile"}, {"name": "host", "value": "Credence-Pc"}, {"name": "thread", "value": "38508-MainThread"}, {"name": "framework", "value": "pytest"}, {"name": "language", "value": "cpython3"}, {"name": "package", "value": "test_UserProfile"}]}